[2023-10-03T19:01:55.132-0600] {taskinstance.py:1157} INFO - Dependencies all met for dep_context=non-requeueable deps ti=<TaskInstance: meltano_pipeline.run_meltano scheduled__2023-10-03T00:00:00+00:00 [queued]>
[2023-10-03T19:01:55.134-0600] {taskinstance.py:1157} INFO - Dependencies all met for dep_context=requeueable deps ti=<TaskInstance: meltano_pipeline.run_meltano scheduled__2023-10-03T00:00:00+00:00 [queued]>
[2023-10-03T19:01:55.134-0600] {taskinstance.py:1359} INFO - Starting attempt 1 of 1
[2023-10-03T19:01:55.139-0600] {taskinstance.py:1380} INFO - Executing <Task(BashOperator): run_meltano> on 2023-10-03 00:00:00+00:00
[2023-10-03T19:01:55.142-0600] {standard_task_runner.py:57} INFO - Started process 19859 to run task
[2023-10-03T19:01:55.144-0600] {standard_task_runner.py:84} INFO - Running: ['airflow', 'tasks', 'run', 'meltano_pipeline', 'run_meltano', 'scheduled__2023-10-03T00:00:00+00:00', '--job-id', '7', '--raw', '--subdir', 'DAGS_FOLDER/meltano_pipeline.py', '--cfg-path', '/var/folders/y4/6wljw9kn3853yjm043jk3qcm0000gn/T/tmp8026xf4v']
[2023-10-03T19:01:55.146-0600] {standard_task_runner.py:85} INFO - Job 7: Subtask run_meltano
[2023-10-03T19:01:55.161-0600] {task_command.py:415} INFO - Running <TaskInstance: meltano_pipeline.run_meltano scheduled__2023-10-03T00:00:00+00:00 [running]> on host bryans-macbook-pro.local
[2023-10-03T19:01:55.184-0600] {taskinstance.py:1660} INFO - Exporting env vars: AIRFLOW_CTX_DAG_OWNER='airflow' AIRFLOW_CTX_DAG_ID='meltano_pipeline' AIRFLOW_CTX_TASK_ID='run_meltano' AIRFLOW_CTX_EXECUTION_DATE='2023-10-03T00:00:00+00:00' AIRFLOW_CTX_TRY_NUMBER='1' AIRFLOW_CTX_DAG_RUN_ID='scheduled__2023-10-03T00:00:00+00:00'
[2023-10-03T19:01:55.186-0600] {subprocess.py:63} INFO - Tmp dir root location: /var/folders/y4/6wljw9kn3853yjm043jk3qcm0000gn/T
[2023-10-03T19:01:55.187-0600] {subprocess.py:75} INFO - Running command: ['/bin/bash', '-c', 'cd ./meltano && meltano run tap-csv target-csv']
[2023-10-03T19:01:55.195-0600] {subprocess.py:86} INFO - Output:
[2023-10-03T19:01:55.197-0600] {subprocess.py:93} INFO - /bin/bash: line 0: cd: ./meltano: No such file or directory
[2023-10-03T19:01:55.198-0600] {subprocess.py:97} INFO - Command exited with return code 1
[2023-10-03T19:01:55.201-0600] {taskinstance.py:1935} ERROR - Task failed with exception
Traceback (most recent call last):
  File "/Users/bryan/Desktop/Pipelines/migration_project/.venv/lib/python3.10/site-packages/airflow/operators/bash.py", line 210, in execute
    raise AirflowException(
airflow.exceptions.AirflowException: Bash command failed. The command returned a non-zero exit code 1.
[2023-10-03T19:01:55.203-0600] {taskinstance.py:1398} INFO - Marking task as FAILED. dag_id=meltano_pipeline, task_id=run_meltano, execution_date=20231003T000000, start_date=20231004T010155, end_date=20231004T010155
[2023-10-03T19:01:55.207-0600] {standard_task_runner.py:104} ERROR - Failed to execute job 7 for task run_meltano (Bash command failed. The command returned a non-zero exit code 1.; 19859)
[2023-10-03T19:01:55.240-0600] {local_task_job_runner.py:228} INFO - Task exited with return code 1
[2023-10-03T19:01:55.246-0600] {taskinstance.py:2776} INFO - 0 downstream tasks scheduled from follow-on schedule check
[2023-10-03T19:07:27.250-0600] {taskinstance.py:1157} INFO - Dependencies all met for dep_context=non-requeueable deps ti=<TaskInstance: meltano_pipeline.run_meltano scheduled__2023-10-03T00:00:00+00:00 [queued]>
[2023-10-03T19:07:27.253-0600] {taskinstance.py:1157} INFO - Dependencies all met for dep_context=requeueable deps ti=<TaskInstance: meltano_pipeline.run_meltano scheduled__2023-10-03T00:00:00+00:00 [queued]>
[2023-10-03T19:07:27.253-0600] {taskinstance.py:1359} INFO - Starting attempt 1 of 1
[2023-10-03T19:07:27.257-0600] {taskinstance.py:1380} INFO - Executing <Task(BashOperator): run_meltano> on 2023-10-03 00:00:00+00:00
[2023-10-03T19:07:27.259-0600] {standard_task_runner.py:57} INFO - Started process 20420 to run task
[2023-10-03T19:07:27.261-0600] {standard_task_runner.py:84} INFO - Running: ['airflow', 'tasks', 'run', 'meltano_pipeline', 'run_meltano', 'scheduled__2023-10-03T00:00:00+00:00', '--job-id', '11', '--raw', '--subdir', 'DAGS_FOLDER/meltano_pipeline.py', '--cfg-path', '/var/folders/y4/6wljw9kn3853yjm043jk3qcm0000gn/T/tmptp6_28sw']
[2023-10-03T19:07:27.262-0600] {standard_task_runner.py:85} INFO - Job 11: Subtask run_meltano
[2023-10-03T19:07:27.276-0600] {task_command.py:415} INFO - Running <TaskInstance: meltano_pipeline.run_meltano scheduled__2023-10-03T00:00:00+00:00 [running]> on host bryans-macbook-pro.local
[2023-10-03T19:07:27.294-0600] {taskinstance.py:1660} INFO - Exporting env vars: AIRFLOW_CTX_DAG_OWNER='airflow' AIRFLOW_CTX_DAG_ID='meltano_pipeline' AIRFLOW_CTX_TASK_ID='run_meltano' AIRFLOW_CTX_EXECUTION_DATE='2023-10-03T00:00:00+00:00' AIRFLOW_CTX_TRY_NUMBER='1' AIRFLOW_CTX_DAG_RUN_ID='scheduled__2023-10-03T00:00:00+00:00'
[2023-10-03T19:07:27.294-0600] {subprocess.py:63} INFO - Tmp dir root location: /var/folders/y4/6wljw9kn3853yjm043jk3qcm0000gn/T
[2023-10-03T19:07:27.294-0600] {subprocess.py:75} INFO - Running command: ['/bin/bash', '-c', 'cd /Users/bryan/Desktop/Pipelines/migration_project/meltano && meltano run tap-csv target-csv']
[2023-10-03T19:07:27.297-0600] {subprocess.py:86} INFO - Output:
[2023-10-03T19:07:27.663-0600] {subprocess.py:93} INFO - [2m2023-10-04T01:07:27.662987Z[0m [[32m[1minfo     [0m] [1mEnvironment 'dev' is active[0m
[2023-10-03T19:07:27.856-0600] {subprocess.py:93} INFO - [2m2023-10-04T01:07:27.856007Z[0m [[32m[1minfo     [0m] [1mINFO Sending version information to singer.io. To disable sending anonymous usage data, set the config parameter "disable_collection" to true[0m [36mcmd_type[0m=[35melb[0m [36mconsumer[0m=[35mTrue[0m [36mname[0m=[35mtarget-csv[0m [36mproducer[0m=[35mFalse[0m [36mstdio[0m=[35mstderr[0m [36mstring_id[0m=[35mtarget-csv[0m
[2023-10-03T19:07:28.009-0600] {subprocess.py:93} INFO - [2m2023-10-04T01:07:28.009855Z[0m [[32m[1minfo     [0m] [1m2023-10-03 19:07:28,009 | INFO     | tap-csv              | Beginning full_table sync of 'Users'...[0m [36mcmd_type[0m=[35melb[0m [36mconsumer[0m=[35mFalse[0m [36mname[0m=[35mtap-csv[0m [36mproducer[0m=[35mTrue[0m [36mstdio[0m=[35mstderr[0m [36mstring_id[0m=[35mtap-csv[0m
[2023-10-03T19:07:28.010-0600] {subprocess.py:93} INFO - [2m2023-10-04T01:07:28.010001Z[0m [[32m[1minfo     [0m] [1m2023-10-03 19:07:28,009 | INFO     | tap-csv              | Tap has custom mapper. Using 1 provided map(s).[0m [36mcmd_type[0m=[35melb[0m [36mconsumer[0m=[35mFalse[0m [36mname[0m=[35mtap-csv[0m [36mproducer[0m=[35mTrue[0m [36mstdio[0m=[35mstderr[0m [36mstring_id[0m=[35mtap-csv[0m
[2023-10-03T19:07:28.011-0600] {subprocess.py:93} INFO - [2m2023-10-04T01:07:28.011549Z[0m [[32m[1minfo     [0m] [1m2023-10-03 19:07:28,011 | INFO     | singer_sdk.metrics   | METRIC: {"type": "timer", "metric": "sync_duration", "value": 0.0015299320220947266, "tags": {"stream": "Users", "context": {}, "status": "succeeded"}}[0m [36mcmd_type[0m=[35melb[0m [36mconsumer[0m=[35mFalse[0m [36mname[0m=[35mtap-csv[0m [36mproducer[0m=[35mTrue[0m [36mstdio[0m=[35mstderr[0m [36mstring_id[0m=[35mtap-csv[0m
[2023-10-03T19:07:28.011-0600] {subprocess.py:93} INFO - [2m2023-10-04T01:07:28.011703Z[0m [[32m[1minfo     [0m] [1m2023-10-03 19:07:28,011 | INFO     | singer_sdk.metrics   | METRIC: {"type": "counter", "metric": "record_count", "value": 11, "tags": {"stream": "Users", "context": {}}}[0m [36mcmd_type[0m=[35melb[0m [36mconsumer[0m=[35mFalse[0m [36mname[0m=[35mtap-csv[0m [36mproducer[0m=[35mTrue[0m [36mstdio[0m=[35mstderr[0m [36mstring_id[0m=[35mtap-csv[0m
[2023-10-03T19:07:28.064-0600] {subprocess.py:93} INFO - [2m2023-10-04T01:07:28.064521Z[0m [[32m[1minfo     [0m] [1mIncremental state has been updated at 2023-10-04 01:07:28.064456.[0m
[2023-10-03T19:07:28.071-0600] {subprocess.py:93} INFO - [2m2023-10-04T01:07:28.070990Z[0m [[32m[1minfo     [0m] [1mBlock run completed.          [0m [36mblock_type[0m=[35mExtractLoadBlocks[0m [36merr[0m=[35mNone[0m [36mset_number[0m=[35m0[0m [36msuccess[0m=[35mTrue[0m
[2023-10-03T19:07:28.876-0600] {subprocess.py:97} INFO - Command exited with return code 0
[2023-10-03T19:07:28.883-0600] {taskinstance.py:1398} INFO - Marking task as SUCCESS. dag_id=meltano_pipeline, task_id=run_meltano, execution_date=20231003T000000, start_date=20231004T010727, end_date=20231004T010728
[2023-10-03T19:07:28.915-0600] {local_task_job_runner.py:228} INFO - Task exited with return code 0
[2023-10-03T19:07:28.920-0600] {taskinstance.py:2776} INFO - 0 downstream tasks scheduled from follow-on schedule check
[2023-10-03T19:08:28.855-0600] {taskinstance.py:1157} INFO - Dependencies all met for dep_context=non-requeueable deps ti=<TaskInstance: meltano_pipeline.run_meltano scheduled__2023-10-03T00:00:00+00:00 [queued]>
[2023-10-03T19:08:28.857-0600] {taskinstance.py:1157} INFO - Dependencies all met for dep_context=requeueable deps ti=<TaskInstance: meltano_pipeline.run_meltano scheduled__2023-10-03T00:00:00+00:00 [queued]>
[2023-10-03T19:08:28.857-0600] {taskinstance.py:1359} INFO - Starting attempt 1 of 1
[2023-10-03T19:08:28.861-0600] {taskinstance.py:1380} INFO - Executing <Task(BashOperator): run_meltano> on 2023-10-03 00:00:00+00:00
[2023-10-03T19:08:28.863-0600] {standard_task_runner.py:57} INFO - Started process 20541 to run task
[2023-10-03T19:08:28.865-0600] {standard_task_runner.py:84} INFO - Running: ['airflow', 'tasks', 'run', 'meltano_pipeline', 'run_meltano', 'scheduled__2023-10-03T00:00:00+00:00', '--job-id', '13', '--raw', '--subdir', 'DAGS_FOLDER/meltano_pipeline.py', '--cfg-path', '/var/folders/y4/6wljw9kn3853yjm043jk3qcm0000gn/T/tmpr3i8yss9']
[2023-10-03T19:08:28.866-0600] {standard_task_runner.py:85} INFO - Job 13: Subtask run_meltano
[2023-10-03T19:08:28.885-0600] {task_command.py:415} INFO - Running <TaskInstance: meltano_pipeline.run_meltano scheduled__2023-10-03T00:00:00+00:00 [running]> on host bryans-macbook-pro.local
[2023-10-03T19:08:28.904-0600] {taskinstance.py:1660} INFO - Exporting env vars: AIRFLOW_CTX_DAG_OWNER='airflow' AIRFLOW_CTX_DAG_ID='meltano_pipeline' AIRFLOW_CTX_TASK_ID='run_meltano' AIRFLOW_CTX_EXECUTION_DATE='2023-10-03T00:00:00+00:00' AIRFLOW_CTX_TRY_NUMBER='1' AIRFLOW_CTX_DAG_RUN_ID='scheduled__2023-10-03T00:00:00+00:00'
[2023-10-03T19:08:28.904-0600] {subprocess.py:63} INFO - Tmp dir root location: /var/folders/y4/6wljw9kn3853yjm043jk3qcm0000gn/T
[2023-10-03T19:08:28.905-0600] {subprocess.py:75} INFO - Running command: ['/bin/bash', '-c', 'cd /Users/bryan/Desktop/Pipelines/migration_project/meltano && meltano run tap-csv target-csv']
[2023-10-03T19:08:28.908-0600] {subprocess.py:86} INFO - Output:
[2023-10-03T19:08:29.321-0600] {subprocess.py:93} INFO - [2m2023-10-04T01:08:29.320879Z[0m [[32m[1minfo     [0m] [1mEnvironment 'dev' is active[0m
[2023-10-03T19:08:29.527-0600] {subprocess.py:93} INFO - [2m2023-10-04T01:08:29.527744Z[0m [[32m[1minfo     [0m] [1mINFO Sending version information to singer.io. To disable sending anonymous usage data, set the config parameter "disable_collection" to true[0m [36mcmd_type[0m=[35melb[0m [36mconsumer[0m=[35mTrue[0m [36mname[0m=[35mtarget-csv[0m [36mproducer[0m=[35mFalse[0m [36mstdio[0m=[35mstderr[0m [36mstring_id[0m=[35mtarget-csv[0m
[2023-10-03T19:08:29.730-0600] {subprocess.py:93} INFO - [2m2023-10-04T01:08:29.730541Z[0m [[32m[1minfo     [0m] [1m2023-10-03 19:08:29,730 | INFO     | tap-csv              | Beginning full_table sync of 'Users'...[0m [36mcmd_type[0m=[35melb[0m [36mconsumer[0m=[35mFalse[0m [36mname[0m=[35mtap-csv[0m [36mproducer[0m=[35mTrue[0m [36mstdio[0m=[35mstderr[0m [36mstring_id[0m=[35mtap-csv[0m
[2023-10-03T19:08:29.731-0600] {subprocess.py:93} INFO - [2m2023-10-04T01:08:29.730731Z[0m [[32m[1minfo     [0m] [1m2023-10-03 19:08:29,730 | INFO     | tap-csv              | Tap has custom mapper. Using 1 provided map(s).[0m [36mcmd_type[0m=[35melb[0m [36mconsumer[0m=[35mFalse[0m [36mname[0m=[35mtap-csv[0m [36mproducer[0m=[35mTrue[0m [36mstdio[0m=[35mstderr[0m [36mstring_id[0m=[35mtap-csv[0m
[2023-10-03T19:08:29.732-0600] {subprocess.py:93} INFO - [2m2023-10-04T01:08:29.732227Z[0m [[32m[1minfo     [0m] [1m2023-10-03 19:08:29,732 | INFO     | singer_sdk.metrics   | METRIC: {"type": "timer", "metric": "sync_duration", "value": 0.001425027847290039, "tags": {"stream": "Users", "context": {}, "status": "succeeded"}}[0m [36mcmd_type[0m=[35melb[0m [36mconsumer[0m=[35mFalse[0m [36mname[0m=[35mtap-csv[0m [36mproducer[0m=[35mTrue[0m [36mstdio[0m=[35mstderr[0m [36mstring_id[0m=[35mtap-csv[0m
[2023-10-03T19:08:29.732-0600] {subprocess.py:93} INFO - [2m2023-10-04T01:08:29.732329Z[0m [[32m[1minfo     [0m] [1m2023-10-03 19:08:29,732 | INFO     | singer_sdk.metrics   | METRIC: {"type": "counter", "metric": "record_count", "value": 11, "tags": {"stream": "Users", "context": {}}}[0m [36mcmd_type[0m=[35melb[0m [36mconsumer[0m=[35mFalse[0m [36mname[0m=[35mtap-csv[0m [36mproducer[0m=[35mTrue[0m [36mstdio[0m=[35mstderr[0m [36mstring_id[0m=[35mtap-csv[0m
[2023-10-03T19:08:29.783-0600] {subprocess.py:93} INFO - [2m2023-10-04T01:08:29.783849Z[0m [[32m[1minfo     [0m] [1mIncremental state has been updated at 2023-10-04 01:08:29.783788.[0m
[2023-10-03T19:08:29.790-0600] {subprocess.py:93} INFO - [2m2023-10-04T01:08:29.789975Z[0m [[32m[1minfo     [0m] [1mBlock run completed.          [0m [36mblock_type[0m=[35mExtractLoadBlocks[0m [36merr[0m=[35mNone[0m [36mset_number[0m=[35m0[0m [36msuccess[0m=[35mTrue[0m
[2023-10-03T19:08:30.798-0600] {subprocess.py:97} INFO - Command exited with return code 0
[2023-10-03T19:08:30.805-0600] {taskinstance.py:1398} INFO - Marking task as SUCCESS. dag_id=meltano_pipeline, task_id=run_meltano, execution_date=20231003T000000, start_date=20231004T010828, end_date=20231004T010830
[2023-10-03T19:08:30.847-0600] {local_task_job_runner.py:228} INFO - Task exited with return code 0
[2023-10-03T19:08:30.853-0600] {taskinstance.py:2776} INFO - 0 downstream tasks scheduled from follow-on schedule check
[2023-10-03T19:14:07.621-0600] {taskinstance.py:1157} INFO - Dependencies all met for dep_context=non-requeueable deps ti=<TaskInstance: meltano_pipeline.run_meltano scheduled__2023-10-03T00:00:00+00:00 [queued]>
[2023-10-03T19:14:07.625-0600] {taskinstance.py:1157} INFO - Dependencies all met for dep_context=requeueable deps ti=<TaskInstance: meltano_pipeline.run_meltano scheduled__2023-10-03T00:00:00+00:00 [queued]>
[2023-10-03T19:14:07.625-0600] {taskinstance.py:1359} INFO - Starting attempt 1 of 1
[2023-10-03T19:14:07.630-0600] {taskinstance.py:1380} INFO - Executing <Task(BashOperator): run_meltano> on 2023-10-03 00:00:00+00:00
[2023-10-03T19:14:07.632-0600] {standard_task_runner.py:57} INFO - Started process 21042 to run task
[2023-10-03T19:14:07.635-0600] {standard_task_runner.py:84} INFO - Running: ['airflow', 'tasks', 'run', 'meltano_pipeline', 'run_meltano', 'scheduled__2023-10-03T00:00:00+00:00', '--job-id', '14', '--raw', '--subdir', 'DAGS_FOLDER/meltano_pipeline.py', '--cfg-path', '/var/folders/y4/6wljw9kn3853yjm043jk3qcm0000gn/T/tmp62w79vjm']
[2023-10-03T19:14:07.636-0600] {standard_task_runner.py:85} INFO - Job 14: Subtask run_meltano
[2023-10-03T19:14:07.665-0600] {task_command.py:415} INFO - Running <TaskInstance: meltano_pipeline.run_meltano scheduled__2023-10-03T00:00:00+00:00 [running]> on host bryans-macbook-pro.local
[2023-10-03T19:14:07.688-0600] {taskinstance.py:1660} INFO - Exporting env vars: AIRFLOW_CTX_DAG_OWNER='airflow' AIRFLOW_CTX_DAG_ID='meltano_pipeline' AIRFLOW_CTX_TASK_ID='run_meltano' AIRFLOW_CTX_EXECUTION_DATE='2023-10-03T00:00:00+00:00' AIRFLOW_CTX_TRY_NUMBER='1' AIRFLOW_CTX_DAG_RUN_ID='scheduled__2023-10-03T00:00:00+00:00'
[2023-10-03T19:14:07.689-0600] {subprocess.py:63} INFO - Tmp dir root location: /var/folders/y4/6wljw9kn3853yjm043jk3qcm0000gn/T
[2023-10-03T19:14:07.689-0600] {subprocess.py:75} INFO - Running command: ['/bin/bash', '-c', 'cd /Users/bryan/Desktop/Pipelines/migration_project/meltano && meltano run tap-csv target-csv']
[2023-10-03T19:14:07.693-0600] {subprocess.py:86} INFO - Output:
[2023-10-03T19:14:08.202-0600] {subprocess.py:93} INFO - [2m2023-10-04T01:14:08.202151Z[0m [[32m[1minfo     [0m] [1mEnvironment 'dev' is active[0m
[2023-10-03T19:14:08.487-0600] {subprocess.py:93} INFO - [2m2023-10-04T01:14:08.487415Z[0m [[32m[1minfo     [0m] [1mINFO Sending version information to singer.io. To disable sending anonymous usage data, set the config parameter "disable_collection" to true[0m [36mcmd_type[0m=[35melb[0m [36mconsumer[0m=[35mTrue[0m [36mname[0m=[35mtarget-csv[0m [36mproducer[0m=[35mFalse[0m [36mstdio[0m=[35mstderr[0m [36mstring_id[0m=[35mtarget-csv[0m
[2023-10-03T19:14:08.742-0600] {subprocess.py:93} INFO - [2m2023-10-04T01:14:08.742035Z[0m [[32m[1minfo     [0m] [1mTraceback (most recent call last):[0m [36mcmd_type[0m=[35melb[0m [36mconsumer[0m=[35mFalse[0m [36mname[0m=[35mtap-csv[0m [36mproducer[0m=[35mTrue[0m [36mstdio[0m=[35mstderr[0m [36mstring_id[0m=[35mtap-csv[0m
[2023-10-03T19:14:08.742-0600] {subprocess.py:93} INFO - [2m2023-10-04T01:14:08.742200Z[0m [[32m[1minfo     [0m] [1m  File "/Users/bryan/Desktop/Pipelines/migration_project/meltano/.meltano/extractors/tap-csv/venv/bin/tap-csv", line 8, in <module>[0m [36mcmd_type[0m=[35melb[0m [36mconsumer[0m=[35mFalse[0m [36mname[0m=[35mtap-csv[0m [36mproducer[0m=[35mTrue[0m [36mstdio[0m=[35mstderr[0m [36mstring_id[0m=[35mtap-csv[0m
[2023-10-03T19:14:08.742-0600] {subprocess.py:93} INFO - [2m2023-10-04T01:14:08.742270Z[0m [[32m[1minfo     [0m] [1m    sys.exit(TapCSV.cli())    [0m [36mcmd_type[0m=[35melb[0m [36mconsumer[0m=[35mFalse[0m [36mname[0m=[35mtap-csv[0m [36mproducer[0m=[35mTrue[0m [36mstdio[0m=[35mstderr[0m [36mstring_id[0m=[35mtap-csv[0m
[2023-10-03T19:14:08.742-0600] {subprocess.py:93} INFO - [2m2023-10-04T01:14:08.742322Z[0m [[32m[1minfo     [0m] [1m  File "/Users/bryan/Desktop/Pipelines/migration_project/meltano/.meltano/extractors/tap-csv/venv/lib/python3.10/site-packages/click/core.py", line 1157, in __call__[0m [36mcmd_type[0m=[35melb[0m [36mconsumer[0m=[35mFalse[0m [36mname[0m=[35mtap-csv[0m [36mproducer[0m=[35mTrue[0m [36mstdio[0m=[35mstderr[0m [36mstring_id[0m=[35mtap-csv[0m
[2023-10-03T19:14:08.743-0600] {subprocess.py:93} INFO - [2m2023-10-04T01:14:08.742462Z[0m [[32m[1minfo     [0m] [1m    return self.main(*args, **kwargs)[0m [36mcmd_type[0m=[35melb[0m [36mconsumer[0m=[35mFalse[0m [36mname[0m=[35mtap-csv[0m [36mproducer[0m=[35mTrue[0m [36mstdio[0m=[35mstderr[0m [36mstring_id[0m=[35mtap-csv[0m
[2023-10-03T19:14:08.743-0600] {subprocess.py:93} INFO - [2m2023-10-04T01:14:08.742517Z[0m [[32m[1minfo     [0m] [1m  File "/Users/bryan/Desktop/Pipelines/migration_project/meltano/.meltano/extractors/tap-csv/venv/lib/python3.10/site-packages/click/core.py", line 1078, in main[0m [36mcmd_type[0m=[35melb[0m [36mconsumer[0m=[35mFalse[0m [36mname[0m=[35mtap-csv[0m [36mproducer[0m=[35mTrue[0m [36mstdio[0m=[35mstderr[0m [36mstring_id[0m=[35mtap-csv[0m
[2023-10-03T19:14:08.743-0600] {subprocess.py:93} INFO - [2m2023-10-04T01:14:08.742606Z[0m [[32m[1minfo     [0m] [1m    rv = self.invoke(ctx)     [0m [36mcmd_type[0m=[35melb[0m [36mconsumer[0m=[35mFalse[0m [36mname[0m=[35mtap-csv[0m [36mproducer[0m=[35mTrue[0m [36mstdio[0m=[35mstderr[0m [36mstring_id[0m=[35mtap-csv[0m
[2023-10-03T19:14:08.743-0600] {subprocess.py:93} INFO - [2m2023-10-04T01:14:08.742655Z[0m [[32m[1minfo     [0m] [1m  File "/Users/bryan/Desktop/Pipelines/migration_project/meltano/.meltano/extractors/tap-csv/venv/lib/python3.10/site-packages/click/core.py", line 1434, in invoke[0m [36mcmd_type[0m=[35melb[0m [36mconsumer[0m=[35mFalse[0m [36mname[0m=[35mtap-csv[0m [36mproducer[0m=[35mTrue[0m [36mstdio[0m=[35mstderr[0m [36mstring_id[0m=[35mtap-csv[0m
[2023-10-03T19:14:08.743-0600] {subprocess.py:93} INFO - [2m2023-10-04T01:14:08.742740Z[0m [[32m[1minfo     [0m] [1m    return ctx.invoke(self.callback, **ctx.params)[0m [36mcmd_type[0m=[35melb[0m [36mconsumer[0m=[35mFalse[0m [36mname[0m=[35mtap-csv[0m [36mproducer[0m=[35mTrue[0m [36mstdio[0m=[35mstderr[0m [36mstring_id[0m=[35mtap-csv[0m
[2023-10-03T19:14:08.743-0600] {subprocess.py:93} INFO - [2m2023-10-04T01:14:08.742787Z[0m [[32m[1minfo     [0m] [1m  File "/Users/bryan/Desktop/Pipelines/migration_project/meltano/.meltano/extractors/tap-csv/venv/lib/python3.10/site-packages/click/core.py", line 783, in invoke[0m [36mcmd_type[0m=[35melb[0m [36mconsumer[0m=[35mFalse[0m [36mname[0m=[35mtap-csv[0m [36mproducer[0m=[35mTrue[0m [36mstdio[0m=[35mstderr[0m [36mstring_id[0m=[35mtap-csv[0m
[2023-10-03T19:14:08.743-0600] {subprocess.py:93} INFO - [2m2023-10-04T01:14:08.742869Z[0m [[32m[1minfo     [0m] [1m    return __callback(*args, **kwargs)[0m [36mcmd_type[0m=[35melb[0m [36mconsumer[0m=[35mFalse[0m [36mname[0m=[35mtap-csv[0m [36mproducer[0m=[35mTrue[0m [36mstdio[0m=[35mstderr[0m [36mstring_id[0m=[35mtap-csv[0m
[2023-10-03T19:14:08.744-0600] {subprocess.py:93} INFO - [2m2023-10-04T01:14:08.742919Z[0m [[32m[1minfo     [0m] [1m  File "/Users/bryan/Desktop/Pipelines/migration_project/meltano/.meltano/extractors/tap-csv/venv/lib/python3.10/site-packages/singer_sdk/tap_base.py", line 501, in invoke[0m [36mcmd_type[0m=[35melb[0m [36mconsumer[0m=[35mFalse[0m [36mname[0m=[35mtap-csv[0m [36mproducer[0m=[35mTrue[0m [36mstdio[0m=[35mstderr[0m [36mstring_id[0m=[35mtap-csv[0m
[2023-10-03T19:14:08.744-0600] {subprocess.py:93} INFO - [2m2023-10-04T01:14:08.743082Z[0m [[32m[1minfo     [0m] [1m    tap.sync_all()            [0m [36mcmd_type[0m=[35melb[0m [36mconsumer[0m=[35mFalse[0m [36mname[0m=[35mtap-csv[0m [36mproducer[0m=[35mTrue[0m [36mstdio[0m=[35mstderr[0m [36mstring_id[0m=[35mtap-csv[0m
[2023-10-03T19:14:08.744-0600] {subprocess.py:93} INFO - [2m2023-10-04T01:14:08.743131Z[0m [[32m[1minfo     [0m] [1m  File "/Users/bryan/Desktop/Pipelines/migration_project/meltano/.meltano/extractors/tap-csv/venv/lib/python3.10/site-packages/singer_sdk/tap_base.py", line 441, in sync_all[0m [36mcmd_type[0m=[35melb[0m [36mconsumer[0m=[35mFalse[0m [36mname[0m=[35mtap-csv[0m [36mproducer[0m=[35mTrue[0m [36mstdio[0m=[35mstderr[0m [36mstring_id[0m=[35mtap-csv[0m
[2023-10-03T19:14:08.744-0600] {subprocess.py:93} INFO - [2m2023-10-04T01:14:08.743217Z[0m [[32m[1minfo     [0m] [1m    self._set_compatible_replication_methods()[0m [36mcmd_type[0m=[35melb[0m [36mconsumer[0m=[35mFalse[0m [36mname[0m=[35mtap-csv[0m [36mproducer[0m=[35mTrue[0m [36mstdio[0m=[35mstderr[0m [36mstring_id[0m=[35mtap-csv[0m
[2023-10-03T19:14:08.744-0600] {subprocess.py:93} INFO - [2m2023-10-04T01:14:08.743265Z[0m [[32m[1minfo     [0m] [1m  File "/Users/bryan/Desktop/Pipelines/migration_project/meltano/.meltano/extractors/tap-csv/venv/lib/python3.10/site-packages/singer_sdk/tap_base.py", line 420, in _set_compatible_replication_methods[0m [36mcmd_type[0m=[35melb[0m [36mconsumer[0m=[35mFalse[0m [36mname[0m=[35mtap-csv[0m [36mproducer[0m=[35mTrue[0m [36mstdio[0m=[35mstderr[0m [36mstring_id[0m=[35mtap-csv[0m
[2023-10-03T19:14:08.744-0600] {subprocess.py:93} INFO - [2m2023-10-04T01:14:08.743312Z[0m [[32m[1minfo     [0m] [1m    for stream in self.streams.values():[0m [36mcmd_type[0m=[35melb[0m [36mconsumer[0m=[35mFalse[0m [36mname[0m=[35mtap-csv[0m [36mproducer[0m=[35mTrue[0m [36mstdio[0m=[35mstderr[0m [36mstring_id[0m=[35mtap-csv[0m
[2023-10-03T19:14:08.745-0600] {subprocess.py:93} INFO - [2m2023-10-04T01:14:08.743432Z[0m [[32m[1minfo     [0m] [1m  File "/Users/bryan/Desktop/Pipelines/migration_project/meltano/.meltano/extractors/tap-csv/venv/lib/python3.10/site-packages/singer_sdk/tap_base.py", line 128, in streams[0m [36mcmd_type[0m=[35melb[0m [36mconsumer[0m=[35mFalse[0m [36mname[0m=[35mtap-csv[0m [36mproducer[0m=[35mTrue[0m [36mstdio[0m=[35mstderr[0m [36mstring_id[0m=[35mtap-csv[0m
[2023-10-03T19:14:08.745-0600] {subprocess.py:93} INFO - [2m2023-10-04T01:14:08.743503Z[0m [[32m[1minfo     [0m] [1m    for stream in self.load_streams():[0m [36mcmd_type[0m=[35melb[0m [36mconsumer[0m=[35mFalse[0m [36mname[0m=[35mtap-csv[0m [36mproducer[0m=[35mTrue[0m [36mstdio[0m=[35mstderr[0m [36mstring_id[0m=[35mtap-csv[0m
[2023-10-03T19:14:08.745-0600] {subprocess.py:93} INFO - [2m2023-10-04T01:14:08.743554Z[0m [[32m[1minfo     [0m] [1m  File "/Users/bryan/Desktop/Pipelines/migration_project/meltano/.meltano/extractors/tap-csv/venv/lib/python3.10/site-packages/singer_sdk/tap_base.py", line 352, in load_streams[0m [36mcmd_type[0m=[35melb[0m [36mconsumer[0m=[35mFalse[0m [36mname[0m=[35mtap-csv[0m [36mproducer[0m=[35mTrue[0m [36mstdio[0m=[35mstderr[0m [36mstring_id[0m=[35mtap-csv[0m
[2023-10-03T19:14:08.745-0600] {subprocess.py:93} INFO - [2m2023-10-04T01:14:08.743662Z[0m [[32m[1minfo     [0m] [1m    for stream in self.discover_streams():[0m [36mcmd_type[0m=[35melb[0m [36mconsumer[0m=[35mFalse[0m [36mname[0m=[35mtap-csv[0m [36mproducer[0m=[35mTrue[0m [36mstdio[0m=[35mstderr[0m [36mstring_id[0m=[35mtap-csv[0m
[2023-10-03T19:14:08.745-0600] {subprocess.py:93} INFO - [2m2023-10-04T01:14:08.743714Z[0m [[32m[1minfo     [0m] [1m  File "/Users/bryan/Desktop/Pipelines/migration_project/meltano/.meltano/extractors/tap-csv/venv/lib/python3.10/site-packages/tap_csv/tap.py", line 88, in discover_streams[0m [36mcmd_type[0m=[35melb[0m [36mconsumer[0m=[35mFalse[0m [36mname[0m=[35mtap-csv[0m [36mproducer[0m=[35mTrue[0m [36mstdio[0m=[35mstderr[0m [36mstring_id[0m=[35mtap-csv[0m
[2023-10-03T19:14:08.746-0600] {subprocess.py:93} INFO - [2m2023-10-04T01:14:08.743759Z[0m [[32m[1minfo     [0m] [1m    return [                  [0m [36mcmd_type[0m=[35melb[0m [36mconsumer[0m=[35mFalse[0m [36mname[0m=[35mtap-csv[0m [36mproducer[0m=[35mTrue[0m [36mstdio[0m=[35mstderr[0m [36mstring_id[0m=[35mtap-csv[0m
[2023-10-03T19:14:08.746-0600] {subprocess.py:93} INFO - [2m2023-10-04T01:14:08.743805Z[0m [[32m[1minfo     [0m] [1m  File "/Users/bryan/Desktop/Pipelines/migration_project/meltano/.meltano/extractors/tap-csv/venv/lib/python3.10/site-packages/tap_csv/tap.py", line 89, in <listcomp>[0m [36mcmd_type[0m=[35melb[0m [36mconsumer[0m=[35mFalse[0m [36mname[0m=[35mtap-csv[0m [36mproducer[0m=[35mTrue[0m [36mstdio[0m=[35mstderr[0m [36mstring_id[0m=[35mtap-csv[0m
[2023-10-03T19:14:08.746-0600] {subprocess.py:93} INFO - [2m2023-10-04T01:14:08.743848Z[0m [[32m[1minfo     [0m] [1m    CSVStream(                [0m [36mcmd_type[0m=[35melb[0m [36mconsumer[0m=[35mFalse[0m [36mname[0m=[35mtap-csv[0m [36mproducer[0m=[35mTrue[0m [36mstdio[0m=[35mstderr[0m [36mstring_id[0m=[35mtap-csv[0m
[2023-10-03T19:14:08.746-0600] {subprocess.py:93} INFO - [2m2023-10-04T01:14:08.743891Z[0m [[32m[1minfo     [0m] [1m  File "/Users/bryan/Desktop/Pipelines/migration_project/meltano/.meltano/extractors/tap-csv/venv/lib/python3.10/site-packages/tap_csv/client.py", line 26, in __init__[0m [36mcmd_type[0m=[35melb[0m [36mconsumer[0m=[35mFalse[0m [36mname[0m=[35mtap-csv[0m [36mproducer[0m=[35mTrue[0m [36mstdio[0m=[35mstderr[0m [36mstring_id[0m=[35mtap-csv[0m
[2023-10-03T19:14:08.746-0600] {subprocess.py:93} INFO - [2m2023-10-04T01:14:08.743934Z[0m [[32m[1minfo     [0m] [1m    super().__init__(*args, **kwargs)[0m [36mcmd_type[0m=[35melb[0m [36mconsumer[0m=[35mFalse[0m [36mname[0m=[35mtap-csv[0m [36mproducer[0m=[35mTrue[0m [36mstdio[0m=[35mstderr[0m [36mstring_id[0m=[35mtap-csv[0m
[2023-10-03T19:14:08.746-0600] {subprocess.py:93} INFO - [2m2023-10-04T01:14:08.743976Z[0m [[32m[1minfo     [0m] [1m  File "/Users/bryan/Desktop/Pipelines/migration_project/meltano/.meltano/extractors/tap-csv/venv/lib/python3.10/site-packages/singer_sdk/streams/core.py", line 165, in __init__[0m [36mcmd_type[0m=[35melb[0m [36mconsumer[0m=[35mFalse[0m [36mname[0m=[35mtap-csv[0m [36mproducer[0m=[35mTrue[0m [36mstdio[0m=[35mstderr[0m [36mstring_id[0m=[35mtap-csv[0m
[2023-10-03T19:14:08.746-0600] {subprocess.py:93} INFO - [2m2023-10-04T01:14:08.744061Z[0m [[32m[1minfo     [0m] [1m    if not self.schema:       [0m [36mcmd_type[0m=[35melb[0m [36mconsumer[0m=[35mFalse[0m [36mname[0m=[35mtap-csv[0m [36mproducer[0m=[35mTrue[0m [36mstdio[0m=[35mstderr[0m [36mstring_id[0m=[35mtap-csv[0m
[2023-10-03T19:14:08.746-0600] {subprocess.py:93} INFO - [2m2023-10-04T01:14:08.744107Z[0m [[32m[1minfo     [0m] [1m  File "/Users/bryan/Desktop/Pipelines/migration_project/meltano/.meltano/extractors/tap-csv/venv/lib/python3.10/site-packages/tap_csv/client.py", line 132, in schema[0m [36mcmd_type[0m=[35melb[0m [36mconsumer[0m=[35mFalse[0m [36mname[0m=[35mtap-csv[0m [36mproducer[0m=[35mTrue[0m [36mstdio[0m=[35mstderr[0m [36mstring_id[0m=[35mtap-csv[0m
[2023-10-03T19:14:08.747-0600] {subprocess.py:93} INFO - [2m2023-10-04T01:14:08.744162Z[0m [[32m[1minfo     [0m] [1m    for file_path in self.get_file_paths():[0m [36mcmd_type[0m=[35melb[0m [36mconsumer[0m=[35mFalse[0m [36mname[0m=[35mtap-csv[0m [36mproducer[0m=[35mTrue[0m [36mstdio[0m=[35mstderr[0m [36mstring_id[0m=[35mtap-csv[0m
[2023-10-03T19:14:08.747-0600] {subprocess.py:93} INFO - [2m2023-10-04T01:14:08.744204Z[0m [[32m[1minfo     [0m] [1m  File "/Users/bryan/Desktop/Pipelines/migration_project/meltano/.meltano/extractors/tap-csv/venv/lib/python3.10/site-packages/tap_csv/client.py", line 76, in get_file_paths[0m [36mcmd_type[0m=[35melb[0m [36mconsumer[0m=[35mFalse[0m [36mname[0m=[35mtap-csv[0m [36mproducer[0m=[35mTrue[0m [36mstdio[0m=[35mstderr[0m [36mstring_id[0m=[35mtap-csv[0m
[2023-10-03T19:14:08.747-0600] {subprocess.py:93} INFO - [2m2023-10-04T01:14:08.744247Z[0m [[32m[1minfo     [0m] [1m    raise Exception(f"File path does not exist {file_path}")[0m [36mcmd_type[0m=[35melb[0m [36mconsumer[0m=[35mFalse[0m [36mname[0m=[35mtap-csv[0m [36mproducer[0m=[35mTrue[0m [36mstdio[0m=[35mstderr[0m [36mstring_id[0m=[35mtap-csv[0m
[2023-10-03T19:14:08.747-0600] {subprocess.py:93} INFO - [2m2023-10-04T01:14:08.744288Z[0m [[32m[1minfo     [0m] [1mException: File path does not exist /input/CSV-Template1.csv[0m [36mcmd_type[0m=[35melb[0m [36mconsumer[0m=[35mFalse[0m [36mname[0m=[35mtap-csv[0m [36mproducer[0m=[35mTrue[0m [36mstdio[0m=[35mstderr[0m [36mstring_id[0m=[35mtap-csv[0m
[2023-10-03T19:14:08.809-0600] {subprocess.py:93} INFO - [2m2023-10-04T01:14:08.809116Z[0m [[31m[1merror    [0m] [1mExtractor failed[0m
[2023-10-03T19:14:08.809-0600] {subprocess.py:93} INFO - [2m2023-10-04T01:14:08.809257Z[0m [[31m[1merror    [0m] [1mBlock run completed.          [0m [36mblock_type[0m=[35mExtractLoadBlocks[0m [36merr[0m=[35mRunnerError('Extractor failed')[0m [36mexit_codes[0m=[35m{<PluginType.EXTRACTORS: 'extractors'>: 1}[0m [36mset_number[0m=[35m0[0m [36msuccess[0m=[35mFalse[0m
[2023-10-03T19:14:08.810-0600] {subprocess.py:93} INFO - Need help fixing this problem? Visit http://melta.no/ for troubleshooting steps, or to
[2023-10-03T19:14:08.810-0600] {subprocess.py:93} INFO - join our friendly Slack community.
[2023-10-03T19:14:08.810-0600] {subprocess.py:93} INFO - 
[2023-10-03T19:14:08.810-0600] {subprocess.py:93} INFO - Run invocation could not be completed as block failed: Extractor failed
[2023-10-03T19:14:10.215-0600] {subprocess.py:97} INFO - Command exited with return code 1
[2023-10-03T19:14:10.219-0600] {taskinstance.py:1935} ERROR - Task failed with exception
Traceback (most recent call last):
  File "/Users/bryan/Desktop/Pipelines/migration_project/.venv/lib/python3.10/site-packages/airflow/operators/bash.py", line 210, in execute
    raise AirflowException(
airflow.exceptions.AirflowException: Bash command failed. The command returned a non-zero exit code 1.
[2023-10-03T19:14:10.221-0600] {taskinstance.py:1398} INFO - Marking task as FAILED. dag_id=meltano_pipeline, task_id=run_meltano, execution_date=20231003T000000, start_date=20231004T011407, end_date=20231004T011410
[2023-10-03T19:14:10.225-0600] {standard_task_runner.py:104} ERROR - Failed to execute job 14 for task run_meltano (Bash command failed. The command returned a non-zero exit code 1.; 21042)
[2023-10-03T19:14:10.266-0600] {local_task_job_runner.py:228} INFO - Task exited with return code 1
[2023-10-03T19:14:10.272-0600] {taskinstance.py:2776} INFO - 0 downstream tasks scheduled from follow-on schedule check
[2023-10-03T19:15:09.206-0600] {taskinstance.py:1157} INFO - Dependencies all met for dep_context=non-requeueable deps ti=<TaskInstance: meltano_pipeline.run_meltano scheduled__2023-10-03T00:00:00+00:00 [queued]>
[2023-10-03T19:15:09.209-0600] {taskinstance.py:1157} INFO - Dependencies all met for dep_context=requeueable deps ti=<TaskInstance: meltano_pipeline.run_meltano scheduled__2023-10-03T00:00:00+00:00 [queued]>
[2023-10-03T19:15:09.209-0600] {taskinstance.py:1359} INFO - Starting attempt 1 of 1
[2023-10-03T19:15:09.214-0600] {taskinstance.py:1380} INFO - Executing <Task(BashOperator): run_meltano> on 2023-10-03 00:00:00+00:00
[2023-10-03T19:15:09.216-0600] {standard_task_runner.py:57} INFO - Started process 21159 to run task
[2023-10-03T19:15:09.218-0600] {standard_task_runner.py:84} INFO - Running: ['airflow', 'tasks', 'run', 'meltano_pipeline', 'run_meltano', 'scheduled__2023-10-03T00:00:00+00:00', '--job-id', '16', '--raw', '--subdir', 'DAGS_FOLDER/meltano_pipeline.py', '--cfg-path', '/var/folders/y4/6wljw9kn3853yjm043jk3qcm0000gn/T/tmpqavxd2gr']
[2023-10-03T19:15:09.219-0600] {standard_task_runner.py:85} INFO - Job 16: Subtask run_meltano
[2023-10-03T19:15:09.237-0600] {task_command.py:415} INFO - Running <TaskInstance: meltano_pipeline.run_meltano scheduled__2023-10-03T00:00:00+00:00 [running]> on host bryans-macbook-pro.local
[2023-10-03T19:15:09.259-0600] {taskinstance.py:1660} INFO - Exporting env vars: AIRFLOW_CTX_DAG_OWNER='airflow' AIRFLOW_CTX_DAG_ID='meltano_pipeline' AIRFLOW_CTX_TASK_ID='run_meltano' AIRFLOW_CTX_EXECUTION_DATE='2023-10-03T00:00:00+00:00' AIRFLOW_CTX_TRY_NUMBER='1' AIRFLOW_CTX_DAG_RUN_ID='scheduled__2023-10-03T00:00:00+00:00'
[2023-10-03T19:15:09.260-0600] {subprocess.py:63} INFO - Tmp dir root location: /var/folders/y4/6wljw9kn3853yjm043jk3qcm0000gn/T
[2023-10-03T19:15:09.260-0600] {subprocess.py:75} INFO - Running command: ['/bin/bash', '-c', 'cd /Users/bryan/Desktop/Pipelines/migration_project/meltano && meltano run tap-csv target-csv']
[2023-10-03T19:15:09.263-0600] {subprocess.py:86} INFO - Output:
[2023-10-03T19:15:09.729-0600] {subprocess.py:93} INFO - [2m2023-10-04T01:15:09.729595Z[0m [[32m[1minfo     [0m] [1mEnvironment 'dev' is active[0m
[2023-10-03T19:15:09.951-0600] {subprocess.py:93} INFO - [2m2023-10-04T01:15:09.951648Z[0m [[32m[1minfo     [0m] [1mINFO Sending version information to singer.io. To disable sending anonymous usage data, set the config parameter "disable_collection" to true[0m [36mcmd_type[0m=[35melb[0m [36mconsumer[0m=[35mTrue[0m [36mname[0m=[35mtarget-csv[0m [36mproducer[0m=[35mFalse[0m [36mstdio[0m=[35mstderr[0m [36mstring_id[0m=[35mtarget-csv[0m
[2023-10-03T19:15:10.157-0600] {subprocess.py:93} INFO - [2m2023-10-04T01:15:10.157865Z[0m [[32m[1minfo     [0m] [1m2023-10-03 19:15:10,157 | INFO     | tap-csv              | Beginning full_table sync of 'Users'...[0m [36mcmd_type[0m=[35melb[0m [36mconsumer[0m=[35mFalse[0m [36mname[0m=[35mtap-csv[0m [36mproducer[0m=[35mTrue[0m [36mstdio[0m=[35mstderr[0m [36mstring_id[0m=[35mtap-csv[0m
[2023-10-03T19:15:10.158-0600] {subprocess.py:93} INFO - [2m2023-10-04T01:15:10.158009Z[0m [[32m[1minfo     [0m] [1m2023-10-03 19:15:10,157 | INFO     | tap-csv              | Tap has custom mapper. Using 1 provided map(s).[0m [36mcmd_type[0m=[35melb[0m [36mconsumer[0m=[35mFalse[0m [36mname[0m=[35mtap-csv[0m [36mproducer[0m=[35mTrue[0m [36mstdio[0m=[35mstderr[0m [36mstring_id[0m=[35mtap-csv[0m
[2023-10-03T19:15:10.159-0600] {subprocess.py:93} INFO - [2m2023-10-04T01:15:10.159236Z[0m [[32m[1minfo     [0m] [1m2023-10-03 19:15:10,159 | INFO     | singer_sdk.metrics   | METRIC: {"type": "timer", "metric": "sync_duration", "value": 0.0012507438659667969, "tags": {"stream": "Users", "context": {}, "status": "succeeded"}}[0m [36mcmd_type[0m=[35melb[0m [36mconsumer[0m=[35mFalse[0m [36mname[0m=[35mtap-csv[0m [36mproducer[0m=[35mTrue[0m [36mstdio[0m=[35mstderr[0m [36mstring_id[0m=[35mtap-csv[0m
[2023-10-03T19:15:10.159-0600] {subprocess.py:93} INFO - [2m2023-10-04T01:15:10.159341Z[0m [[32m[1minfo     [0m] [1m2023-10-03 19:15:10,159 | INFO     | singer_sdk.metrics   | METRIC: {"type": "counter", "metric": "record_count", "value": 11, "tags": {"stream": "Users", "context": {}}}[0m [36mcmd_type[0m=[35melb[0m [36mconsumer[0m=[35mFalse[0m [36mname[0m=[35mtap-csv[0m [36mproducer[0m=[35mTrue[0m [36mstdio[0m=[35mstderr[0m [36mstring_id[0m=[35mtap-csv[0m
[2023-10-03T19:15:10.204-0600] {subprocess.py:93} INFO - [2m2023-10-04T01:15:10.204197Z[0m [[32m[1minfo     [0m] [1mIncremental state has been updated at 2023-10-04 01:15:10.204137.[0m
[2023-10-03T19:15:10.210-0600] {subprocess.py:93} INFO - [2m2023-10-04T01:15:10.209959Z[0m [[32m[1minfo     [0m] [1mBlock run completed.          [0m [36mblock_type[0m=[35mExtractLoadBlocks[0m [36merr[0m=[35mNone[0m [36mset_number[0m=[35m0[0m [36msuccess[0m=[35mTrue[0m
[2023-10-03T19:15:11.192-0600] {subprocess.py:97} INFO - Command exited with return code 0
[2023-10-03T19:15:11.201-0600] {taskinstance.py:1398} INFO - Marking task as SUCCESS. dag_id=meltano_pipeline, task_id=run_meltano, execution_date=20231003T000000, start_date=20231004T011509, end_date=20231004T011511
[2023-10-03T19:15:11.237-0600] {local_task_job_runner.py:228} INFO - Task exited with return code 0
[2023-10-03T19:15:11.244-0600] {taskinstance.py:2776} INFO - 0 downstream tasks scheduled from follow-on schedule check
[2023-10-03T19:29:31.139-0600] {taskinstance.py:1157} INFO - Dependencies all met for dep_context=non-requeueable deps ti=<TaskInstance: meltano_pipeline.run_meltano scheduled__2023-10-03T00:00:00+00:00 [queued]>
[2023-10-03T19:29:31.143-0600] {taskinstance.py:1157} INFO - Dependencies all met for dep_context=requeueable deps ti=<TaskInstance: meltano_pipeline.run_meltano scheduled__2023-10-03T00:00:00+00:00 [queued]>
[2023-10-03T19:29:31.143-0600] {taskinstance.py:1359} INFO - Starting attempt 1 of 1
[2023-10-03T19:29:31.150-0600] {taskinstance.py:1380} INFO - Executing <Task(BashOperator): run_meltano> on 2023-10-03 00:00:00+00:00
[2023-10-03T19:29:31.152-0600] {standard_task_runner.py:57} INFO - Started process 22271 to run task
[2023-10-03T19:29:31.156-0600] {standard_task_runner.py:84} INFO - Running: ['airflow', 'tasks', 'run', 'meltano_pipeline', 'run_meltano', 'scheduled__2023-10-03T00:00:00+00:00', '--job-id', '17', '--raw', '--subdir', 'DAGS_FOLDER/meltano_pipeline.py', '--cfg-path', '/var/folders/y4/6wljw9kn3853yjm043jk3qcm0000gn/T/tmpnoiotzhl']
[2023-10-03T19:29:31.157-0600] {standard_task_runner.py:85} INFO - Job 17: Subtask run_meltano
[2023-10-03T19:29:31.177-0600] {task_command.py:415} INFO - Running <TaskInstance: meltano_pipeline.run_meltano scheduled__2023-10-03T00:00:00+00:00 [running]> on host bryans-macbook-pro.local
[2023-10-03T19:29:31.199-0600] {taskinstance.py:1660} INFO - Exporting env vars: AIRFLOW_CTX_DAG_OWNER='airflow' AIRFLOW_CTX_DAG_ID='meltano_pipeline' AIRFLOW_CTX_TASK_ID='run_meltano' AIRFLOW_CTX_EXECUTION_DATE='2023-10-03T00:00:00+00:00' AIRFLOW_CTX_TRY_NUMBER='1' AIRFLOW_CTX_DAG_RUN_ID='scheduled__2023-10-03T00:00:00+00:00'
[2023-10-03T19:29:31.200-0600] {subprocess.py:63} INFO - Tmp dir root location: /var/folders/y4/6wljw9kn3853yjm043jk3qcm0000gn/T
[2023-10-03T19:29:31.200-0600] {subprocess.py:75} INFO - Running command: ['/bin/bash', '-c', 'cd /Users/bryan/Desktop/Pipelines/migration_project/meltano && meltano run tap-csv target-csv']
[2023-10-03T19:29:31.203-0600] {subprocess.py:86} INFO - Output:
[2023-10-03T19:29:31.660-0600] {subprocess.py:93} INFO - [2m2023-10-04T01:29:31.660085Z[0m [[32m[1minfo     [0m] [1mEnvironment 'dev' is active[0m
[2023-10-03T19:29:31.866-0600] {subprocess.py:93} INFO - [2m2023-10-04T01:29:31.866688Z[0m [[32m[1minfo     [0m] [1mINFO Sending version information to singer.io. To disable sending anonymous usage data, set the config parameter "disable_collection" to true[0m [36mcmd_type[0m=[35melb[0m [36mconsumer[0m=[35mTrue[0m [36mname[0m=[35mtarget-csv[0m [36mproducer[0m=[35mFalse[0m [36mstdio[0m=[35mstderr[0m [36mstring_id[0m=[35mtarget-csv[0m
[2023-10-03T19:29:32.082-0600] {subprocess.py:93} INFO - [2m2023-10-04T01:29:32.082230Z[0m [[32m[1minfo     [0m] [1m2023-10-03 19:29:32,082 | INFO     | tap-csv              | Beginning full_table sync of 'Users'...[0m [36mcmd_type[0m=[35melb[0m [36mconsumer[0m=[35mFalse[0m [36mname[0m=[35mtap-csv[0m [36mproducer[0m=[35mTrue[0m [36mstdio[0m=[35mstderr[0m [36mstring_id[0m=[35mtap-csv[0m
[2023-10-03T19:29:32.082-0600] {subprocess.py:93} INFO - [2m2023-10-04T01:29:32.082422Z[0m [[32m[1minfo     [0m] [1m2023-10-03 19:29:32,082 | INFO     | tap-csv              | Tap has custom mapper. Using 1 provided map(s).[0m [36mcmd_type[0m=[35melb[0m [36mconsumer[0m=[35mFalse[0m [36mname[0m=[35mtap-csv[0m [36mproducer[0m=[35mTrue[0m [36mstdio[0m=[35mstderr[0m [36mstring_id[0m=[35mtap-csv[0m
[2023-10-03T19:29:32.083-0600] {subprocess.py:93} INFO - [2m2023-10-04T01:29:32.083596Z[0m [[32m[1minfo     [0m] [1m2023-10-03 19:29:32,083 | INFO     | singer_sdk.metrics   | METRIC: {"type": "timer", "metric": "sync_duration", "value": 0.0012848377227783203, "tags": {"stream": "Users", "context": {}, "status": "succeeded"}}[0m [36mcmd_type[0m=[35melb[0m [36mconsumer[0m=[35mFalse[0m [36mname[0m=[35mtap-csv[0m [36mproducer[0m=[35mTrue[0m [36mstdio[0m=[35mstderr[0m [36mstring_id[0m=[35mtap-csv[0m
[2023-10-03T19:29:32.083-0600] {subprocess.py:93} INFO - [2m2023-10-04T01:29:32.083741Z[0m [[32m[1minfo     [0m] [1m2023-10-03 19:29:32,083 | INFO     | singer_sdk.metrics   | METRIC: {"type": "counter", "metric": "record_count", "value": 11, "tags": {"stream": "Users", "context": {}}}[0m [36mcmd_type[0m=[35melb[0m [36mconsumer[0m=[35mFalse[0m [36mname[0m=[35mtap-csv[0m [36mproducer[0m=[35mTrue[0m [36mstdio[0m=[35mstderr[0m [36mstring_id[0m=[35mtap-csv[0m
[2023-10-03T19:29:32.128-0600] {subprocess.py:93} INFO - [2m2023-10-04T01:29:32.128641Z[0m [[32m[1minfo     [0m] [1mIncremental state has been updated at 2023-10-04 01:29:32.128576.[0m
[2023-10-03T19:29:32.134-0600] {subprocess.py:93} INFO - [2m2023-10-04T01:29:32.133933Z[0m [[32m[1minfo     [0m] [1mBlock run completed.          [0m [36mblock_type[0m=[35mExtractLoadBlocks[0m [36merr[0m=[35mNone[0m [36mset_number[0m=[35m0[0m [36msuccess[0m=[35mTrue[0m
[2023-10-03T19:29:33.366-0600] {subprocess.py:97} INFO - Command exited with return code 0
[2023-10-03T19:29:33.373-0600] {taskinstance.py:1398} INFO - Marking task as SUCCESS. dag_id=meltano_pipeline, task_id=run_meltano, execution_date=20231003T000000, start_date=20231004T012931, end_date=20231004T012933
[2023-10-03T19:29:33.389-0600] {local_task_job_runner.py:228} INFO - Task exited with return code 0
[2023-10-03T19:29:33.394-0600] {taskinstance.py:2776} INFO - 0 downstream tasks scheduled from follow-on schedule check
