[2023-10-03T19:08:06.259-0600] {taskinstance.py:1157} INFO - Dependencies all met for dep_context=non-requeueable deps ti=<TaskInstance: meltano_pipeline.run_meltano manual__2023-10-04T01:08:04.070169+00:00 [queued]>
[2023-10-03T19:08:06.261-0600] {taskinstance.py:1157} INFO - Dependencies all met for dep_context=requeueable deps ti=<TaskInstance: meltano_pipeline.run_meltano manual__2023-10-04T01:08:04.070169+00:00 [queued]>
[2023-10-03T19:08:06.262-0600] {taskinstance.py:1359} INFO - Starting attempt 1 of 1
[2023-10-03T19:08:06.265-0600] {taskinstance.py:1380} INFO - Executing <Task(BashOperator): run_meltano> on 2023-10-04 01:08:04.070169+00:00
[2023-10-03T19:08:06.267-0600] {standard_task_runner.py:57} INFO - Started process 20500 to run task
[2023-10-03T19:08:06.270-0600] {standard_task_runner.py:84} INFO - Running: ['airflow', 'tasks', 'run', 'meltano_pipeline', 'run_meltano', 'manual__2023-10-04T01:08:04.070169+00:00', '--job-id', '12', '--raw', '--subdir', 'DAGS_FOLDER/meltano_pipeline.py', '--cfg-path', '/var/folders/y4/6wljw9kn3853yjm043jk3qcm0000gn/T/tmprjhoqvvm']
[2023-10-03T19:08:06.271-0600] {standard_task_runner.py:85} INFO - Job 12: Subtask run_meltano
[2023-10-03T19:08:06.289-0600] {task_command.py:415} INFO - Running <TaskInstance: meltano_pipeline.run_meltano manual__2023-10-04T01:08:04.070169+00:00 [running]> on host bryans-macbook-pro.local
[2023-10-03T19:08:06.311-0600] {taskinstance.py:1660} INFO - Exporting env vars: AIRFLOW_CTX_DAG_OWNER='airflow' AIRFLOW_CTX_DAG_ID='meltano_pipeline' AIRFLOW_CTX_TASK_ID='run_meltano' AIRFLOW_CTX_EXECUTION_DATE='2023-10-04T01:08:04.070169+00:00' AIRFLOW_CTX_TRY_NUMBER='1' AIRFLOW_CTX_DAG_RUN_ID='manual__2023-10-04T01:08:04.070169+00:00'
[2023-10-03T19:08:06.311-0600] {subprocess.py:63} INFO - Tmp dir root location: /var/folders/y4/6wljw9kn3853yjm043jk3qcm0000gn/T
[2023-10-03T19:08:06.311-0600] {subprocess.py:75} INFO - Running command: ['/bin/bash', '-c', 'cd /Users/bryan/Desktop/Pipelines/migration_project/meltano && meltano run tap-csv target-csv']
[2023-10-03T19:08:06.315-0600] {subprocess.py:86} INFO - Output:
[2023-10-03T19:08:06.745-0600] {subprocess.py:93} INFO - [2m2023-10-04T01:08:06.745482Z[0m [[32m[1minfo     [0m] [1mEnvironment 'dev' is active[0m
[2023-10-03T19:08:06.972-0600] {subprocess.py:93} INFO - [2m2023-10-04T01:08:06.972403Z[0m [[32m[1minfo     [0m] [1mINFO Sending version information to singer.io. To disable sending anonymous usage data, set the config parameter "disable_collection" to true[0m [36mcmd_type[0m=[35melb[0m [36mconsumer[0m=[35mTrue[0m [36mname[0m=[35mtarget-csv[0m [36mproducer[0m=[35mFalse[0m [36mstdio[0m=[35mstderr[0m [36mstring_id[0m=[35mtarget-csv[0m
[2023-10-03T19:08:07.196-0600] {subprocess.py:93} INFO - [2m2023-10-04T01:08:07.196791Z[0m [[32m[1minfo     [0m] [1m2023-10-03 19:08:07,196 | INFO     | tap-csv              | Beginning full_table sync of 'Users'...[0m [36mcmd_type[0m=[35melb[0m [36mconsumer[0m=[35mFalse[0m [36mname[0m=[35mtap-csv[0m [36mproducer[0m=[35mTrue[0m [36mstdio[0m=[35mstderr[0m [36mstring_id[0m=[35mtap-csv[0m
[2023-10-03T19:08:07.197-0600] {subprocess.py:93} INFO - [2m2023-10-04T01:08:07.197016Z[0m [[32m[1minfo     [0m] [1m2023-10-03 19:08:07,196 | INFO     | tap-csv              | Tap has custom mapper. Using 1 provided map(s).[0m [36mcmd_type[0m=[35melb[0m [36mconsumer[0m=[35mFalse[0m [36mname[0m=[35mtap-csv[0m [36mproducer[0m=[35mTrue[0m [36mstdio[0m=[35mstderr[0m [36mstring_id[0m=[35mtap-csv[0m
[2023-10-03T19:08:07.198-0600] {subprocess.py:93} INFO - [2m2023-10-04T01:08:07.198382Z[0m [[32m[1minfo     [0m] [1m2023-10-03 19:08:07,198 | INFO     | singer_sdk.metrics   | METRIC: {"type": "timer", "metric": "sync_duration", "value": 0.0013859272003173828, "tags": {"stream": "Users", "context": {}, "status": "succeeded"}}[0m [36mcmd_type[0m=[35melb[0m [36mconsumer[0m=[35mFalse[0m [36mname[0m=[35mtap-csv[0m [36mproducer[0m=[35mTrue[0m [36mstdio[0m=[35mstderr[0m [36mstring_id[0m=[35mtap-csv[0m
[2023-10-03T19:08:07.198-0600] {subprocess.py:93} INFO - [2m2023-10-04T01:08:07.198547Z[0m [[32m[1minfo     [0m] [1m2023-10-03 19:08:07,198 | INFO     | singer_sdk.metrics   | METRIC: {"type": "counter", "metric": "record_count", "value": 11, "tags": {"stream": "Users", "context": {}}}[0m [36mcmd_type[0m=[35melb[0m [36mconsumer[0m=[35mFalse[0m [36mname[0m=[35mtap-csv[0m [36mproducer[0m=[35mTrue[0m [36mstdio[0m=[35mstderr[0m [36mstring_id[0m=[35mtap-csv[0m
[2023-10-03T19:08:07.251-0600] {subprocess.py:93} INFO - [2m2023-10-04T01:08:07.250987Z[0m [[32m[1minfo     [0m] [1mIncremental state has been updated at 2023-10-04 01:08:07.250928.[0m
[2023-10-03T19:08:07.256-0600] {subprocess.py:93} INFO - [2m2023-10-04T01:08:07.256118Z[0m [[32m[1minfo     [0m] [1mBlock run completed.          [0m [36mblock_type[0m=[35mExtractLoadBlocks[0m [36merr[0m=[35mNone[0m [36mset_number[0m=[35m0[0m [36msuccess[0m=[35mTrue[0m
[2023-10-03T19:08:08.732-0600] {subprocess.py:97} INFO - Command exited with return code 0
[2023-10-03T19:08:08.739-0600] {taskinstance.py:1398} INFO - Marking task as SUCCESS. dag_id=meltano_pipeline, task_id=run_meltano, execution_date=20231004T010804, start_date=20231004T010806, end_date=20231004T010808
[2023-10-03T19:08:08.747-0600] {local_task_job_runner.py:228} INFO - Task exited with return code 0
[2023-10-03T19:08:08.752-0600] {taskinstance.py:2776} INFO - 0 downstream tasks scheduled from follow-on schedule check
